Using chromedriver 113.0.5672.63 (resolved driver for Chrome 113)
Exporting webdriver.chrome.driver as C:\Users\Asus\.cache\selenium\chromedriver\win32\113.0.5672.63\chromedriver.exe
Using chromedriver 113.0.5672.63 (resolved driver for Chrome 113)
Exporting webdriver.chrome.driver as C:\Users\Asus\.cache\selenium\chromedriver\win32\113.0.5672.63\chromedriver.exe
Using chromedriver 113.0.5672.63 (resolved driver for Chrome 113)
Exporting webdriver.chrome.driver as C:\Users\Asus\.cache\selenium\chromedriver\win32\113.0.5672.63\chromedriver.exe
Using chromedriver 113.0.5672.63 (resolved driver for Chrome 113)
Exporting webdriver.chrome.driver as C:\Users\Asus\.cache\selenium\chromedriver\win32\113.0.5672.63\chromedriver.exe
Using chromedriver 113.0.5672.63 (resolved driver for Chrome 113)
Exporting webdriver.chrome.driver as C:\Users\Asus\.cache\selenium\chromedriver\win32\113.0.5672.63\chromedriver.exe
[TestNG] Running:
  C:\Users\Жена\AppData\Local\JetBrains\IdeaIC2023.1\temp-testng-customsuite.xml

Using chromedriver 113.0.5672.63 (resolved driver for Chrome 113)
Exporting webdriver.chrome.driver as C:\Users\Жена\.cache\selenium\chromedriver\win32\113.0.5672.63\chromedriver.exe
[TestNG] Running:
  C:\Users\Жена\AppData\Local\JetBrains\IdeaIC2023.1\temp-testng-customsuite.xml

Using chromedriver 113.0.5672.63 (resolved driver for Chrome 113)
Exporting webdriver.chrome.driver as C:\Users\Жена\.cache\selenium\chromedriver\win32\113.0.5672.63\chromedriver.exe
[TestNG] Running:
  C:\Users\Жена\AppData\Local\JetBrains\IdeaIC2023.1\temp-testng-customsuite.xml

Using chromedriver 113.0.5672.63 (resolved driver for Chrome 113)
Exporting webdriver.chrome.driver as C:\Users\Жена\.cache\selenium\chromedriver\win32\113.0.5672.63\chromedriver.exe
[TestNG] Running:
  C:\Users\Жена\AppData\Local\JetBrains\IdeaIC2023.1\temp-testng-customsuite.xml

Using chromedriver 113.0.5672.63 (resolved driver for Chrome 113)
Exporting webdriver.chrome.driver as C:\Users\Жена\.cache\selenium\chromedriver\win32\113.0.5672.63\chromedriver.exe
[TestNG] Running:
  C:\Users\Жена\AppData\Local\JetBrains\IdeaIC2023.1\temp-testng-customsuite.xml

Using chromedriver 113.0.5672.63 (resolved driver for Chrome 113)
Exporting webdriver.chrome.driver as C:\Users\Жена\.cache\selenium\chromedriver\win32\113.0.5672.63\chromedriver.exe
[TestNG] Running:
  C:\Users\Жена\AppData\Local\JetBrains\IdeaIC2023.1\temp-testng-customsuite.xml

Using chromedriver 113.0.5672.63 (resolved driver for Chrome 113)
Exporting webdriver.chrome.driver as C:\Users\Жена\.cache\selenium\chromedriver\win32\113.0.5672.63\chromedriver.exe
[TestNG] Running:
  C:\Users\Жена\AppData\Local\JetBrains\IdeaIC2023.1\temp-testng-customsuite.xml

Using chromedriver 113.0.5672.63 (resolved driver for Chrome 113)
Exporting webdriver.chrome.driver as C:\Users\Жена\.cache\selenium\chromedriver\win32\113.0.5672.63\chromedriver.exe
[TestNG] Running:
  C:\Users\Жена\AppData\Local\JetBrains\IdeaIC2023.1\temp-testng-customsuite.xml

Using chromedriver 113.0.5672.63 (resolved driver for Chrome 113)
Exporting webdriver.chrome.driver as C:\Users\Жена\.cache\selenium\chromedriver\win32\113.0.5672.63\chromedriver.exe
[TestNG] Running:
  C:\Users\Жена\AppData\Local\JetBrains\IdeaIC2023.1\temp-testng-customsuite.xml

Using chromedriver 113.0.5672.63 (resolved driver for Chrome 113)
Exporting webdriver.chrome.driver as C:\Users\Жена\.cache\selenium\chromedriver\win32\113.0.5672.63\chromedriver.exe
[TestNG] Running:
  C:\Users\Жена\AppData\Local\JetBrains\IdeaIC2023.1\temp-testng-customsuite.xml

Using chromedriver 113.0.5672.63 (resolved driver for Chrome 113)
Exporting webdriver.chrome.driver as C:\Users\Жена\.cache\selenium\chromedriver\win32\113.0.5672.63\chromedriver.exe
[TestNG] Running:
  C:\Users\Жена\AppData\Local\JetBrains\IdeaIC2023.1\temp-testng-customsuite.xml

Using chromedriver 113.0.5672.63 (resolved driver for Chrome 113)
Exporting webdriver.chrome.driver as C:\Users\Жена\.cache\selenium\chromedriver\win32\113.0.5672.63\chromedriver.exe
[TestNG] Running:
  C:\Users\Жена\AppData\Local\JetBrains\IdeaIC2023.1\temp-testng-customsuite.xml

Using chromedriver 113.0.5672.63 (resolved driver for Chrome 113)
Exporting webdriver.chrome.driver as C:\Users\Жена\.cache\selenium\chromedriver\win32\113.0.5672.63\chromedriver.exe
